0 info it worked if it ends with ok
1 verbose cli [ 'node',
1 verbose cli   '/Users/patricklocal/.nvm/versions/v0.12.1/bin/npm',
1 verbose cli   'run',
1 verbose cli   'build' ]
2 info using npm@2.11.3
3 info using node@v0.12.1
4 verbose stack Error: missing script: build
4 verbose stack     at run (/Users/patricklocal/.nvm/versions/v0.12.1/lib/node_modules/npm/lib/run-script.js:142:19)
4 verbose stack     at /Users/patricklocal/.nvm/versions/v0.12.1/lib/node_modules/npm/lib/run-script.js:58:5
4 verbose stack     at /Users/patricklocal/.nvm/versions/v0.12.1/lib/node_modules/npm/node_modules/read-package-json/read-json.js:345:5
4 verbose stack     at checkBinReferences_ (/Users/patricklocal/.nvm/versions/v0.12.1/lib/node_modules/npm/node_modules/read-package-json/read-json.js:309:45)
4 verbose stack     at final (/Users/patricklocal/.nvm/versions/v0.12.1/lib/node_modules/npm/node_modules/read-package-json/read-json.js:343:3)
4 verbose stack     at then (/Users/patricklocal/.nvm/versions/v0.12.1/lib/node_modules/npm/node_modules/read-package-json/read-json.js:113:5)
4 verbose stack     at /Users/patricklocal/.nvm/versions/v0.12.1/lib/node_modules/npm/node_modules/read-package-json/read-json.js:284:20
4 verbose stack     at evalmachine.<anonymous>:265:20
4 verbose stack     at OpenReq.Req.done (/Users/patricklocal/.nvm/versions/v0.12.1/lib/node_modules/npm/node_modules/graceful-fs/graceful-fs.js:141:5)
4 verbose stack     at OpenReq.done (/Users/patricklocal/.nvm/versions/v0.12.1/lib/node_modules/npm/node_modules/graceful-fs/graceful-fs.js:61:22)
5 verbose cwd /Users/patricklocal/code/packaging-and-distribution/browserify-example
6 error Darwin 13.4.0
7 error argv "node" "/Users/patricklocal/.nvm/versions/v0.12.1/bin/npm" "run" "build"
8 error node v0.12.1
9 error npm  v2.11.3
10 error missing script: build
11 error If you need help, you may report this error at:
11 error     <https://github.com/npm/npm/issues>
12 verbose exit [ 1, true ]
